2021-11-26 20:34:30,133 - log.py[38] - DEBUG: entry file content: ---------------------------------
2021-11-26 20:34:30,133 - log.py[39] - DEBUG: 
from copy import copy
import torch
import tqdm
import sys
import copy
sys.path.insert(0, '../../')

from legodnn.utils.dl.common.model import get_model_flops_and_params, get_model_latency, get_model_size, get_model_flops_and_params_by_dummy_input, get_model_device
from legodnn.abstract_model_manager import AbstractModelManager
from mmdet.apis import single_gpu_test
from mmcv.parallel import MMDataParallel
from cv_task.semantic_segmentation.mmseg_tools.test import test_segmentor
from cv_task.semantic_segmentation.mmseg_tools.get_input_by_size import get_input_by_size
from mmcv.parallel.scatter_gather import scatter
from cv_task.semantic_segmentation.mmseg_models.deeplabv3 import deeplabv3_r18_d8
from cv_task.datasets.semantic_segmentation.mmseg_cityscapes import mmseg_cityscapes_dataloader

class CommonSemanticSegmentationModelManager(AbstractModelManager):
    def forward_to_gen_mid_data(self, model, batch_data, device):
        # model = model.to(device)
        # data = batch_data[0].to(device)
        # model.eval()
        input = scatter(batch_data, [0])[0]
        with torch.no_grad():
            model(return_loss=False, rescale=True, **input)

    def dummy_forward_to_gen_mid_data(self, model, model_input_size, device):
        # batch_data = (torch.rand(model_input_size).to(device), None)
        # self.forward_to_gen_mid_data(model, get_input_by_size(model, model_input_size), device)
        with torch.no_grad():
            model(return_loss=False, rescale=True, **get_input_by_size(model, model_input_size))

    def get_model_acc(self, model, test_loader, device='cuda'):
        acc = test_segmentor(model, test_loader)
        return float(acc)

    def get_model_size(self, model):
        return get_model_size(model)

    def get_model_flops_and_param(self, model, model_input_size):
        model = copy.deepcopy(model)
        model.forward = model.forward_dummy
        return get_model_flops_and_params(model, model_input_size)
    
    # def get_model_flops_and_param(self, model, model_input_size):
    #     device = get_model_device(model)
    #     dummy_input = (torch.ones(model_input_size).to(device), )
    #     return get_model_flops_and_params_by_dummy_input(model, dummy_input)
    
    def get_model_latency(self, model, sample_num, model_input_size, device):
        model = copy.deepcopy(model)
        model.forward = model.forward_dummy
        return get_model_latency(model, model_input_size, sample_num, device, sample_num // 2)

if __name__=='__main__':
    config_path = '/data/gxy/legodnn-public-version_semantic_segmentation/cv_task/semantic_segmentation/mmseg_models/legodnn_configs/deeplabv3_r18-d8_512x1024_80k_cityscapes.py'
    teacher_segmentor = deeplabv3_r18_d8(config_path, mode='mmseg_test', device='cuda')
    train_loader, test_loader = mmseg_cityscapes_dataloader()
    model_manger = CommonSemanticSegmentationModelManager()
    model_manger.get_model_acc(teacher_segmentor, test_loader)
2021-11-26 20:34:30,133 - log.py[40] - DEBUG: entry file content: ---------------------------------
