2021-12-01 21:59:53,452 - log.py[38] - DEBUG: entry file content: ---------------------------------
2021-12-01 21:59:53,452 - log.py[39] - DEBUG: 
from copy import copy
import torch
import tqdm
import sys
import copy
sys.path.insert(0, '../../')

from legodnn.utils.dl.common.model import get_model_flops_and_params, get_model_latency, get_model_size, get_model_flops_and_params_by_dummy_input, get_model_device
from legodnn.abstract_model_manager import AbstractModelManager
from mmdet.apis import single_gpu_test
from mmcv.parallel import MMDataParallel

# from cv_task.semantic_segmentation.mmseg_tools.test import test_segmentor
from cv_task.action_recognition.mmaction_tools.test import test_recognizer
# from cv_task.semantic_segmentation.mmseg_tools.get_input_by_size import get_input_by_size
from cv_task.action_recognition.mmaction_tools.get_input_by_size import get_input_by_size
from mmcv.parallel.scatter_gather import scatter
# from cv_task.semantic_segmentation.mmseg_models.deeplabv3 import deeplabv3_r18_d8
# from cv_task.semantic_segmentation.mmseg_models.legodnn_configs.__init__ import get_deeplabv3_r18_d8_512x1024_80k_cityscapes_config
# from cv_task.datasets.semantic_segmentation.mmseg_cityscapes import mmseg_cityscapes_dataloader
from cv_task.datasets.action_recognition.mmaction_hmdb51 import mmaction_hmdb51_dataloader
from cv_task.action_recognition.mmaction_models.tsn import tsn_r50_1x1x8_50e_hmdb51_imagenet
from cv_task.action_recognition.mmaction_models.legodnn_configs import get_tsn_r50_1x1x8_50e_hmdb51_imagenet_rgb_config

class CommonSemanticSegmentationModelManager(AbstractModelManager):
    def forward_to_gen_mid_data(self, model, batch_data, device):
        # model = model.to(device)
        # data = batch_data[0].to(device)
        # model.eval()
        input = scatter(batch_data, [0])[0]
        with torch.no_grad():
            model(return_loss=False, rescale=False, **input)

    def dummy_forward_to_gen_mid_data(self, model, model_input_size, device):
        # batch_data = (torch.rand(model_input_size).to(device), None)
        # self.forward_to_gen_mid_data(model, get_input_by_size(model, model_input_size), device)
        with torch.no_grad():
            model(return_loss=False, rescale=False, **get_input_by_size(model, model_input_size))

    def get_model_acc(self, model, test_loader, device='cuda'):
        acc = test_recognizer(model, test_loader)
        return float(acc)

    def get_model_size(self, model):
        return get_model_size(model)

    def get_model_flops_and_param(self, model, model_input_size):
        model = copy.deepcopy(model)
        model.forward = model.forward_dummy
        return get_model_flops_and_params(model, model_input_size)
    
    # def get_model_flops_and_param(self, model, model_input_size):
    #     device = get_model_device(model)
    #     dummy_input = (torch.ones(model_input_size).to(device), )
    #     return get_model_flops_and_params_by_dummy_input(model, dummy_input)
    
    def get_model_latency(self, model, sample_num, model_input_size, device):
        model = copy.deepcopy(model)
        model.forward = model.forward_dummy
        return get_model_latency(model, model_input_size, sample_num, device, sample_num // 2)

if __name__=='__main__':
    model_input_size = (1, 3, 320, 320)
    model_config = get_tsn_r50_1x1x8_50e_hmdb51_imagenet_rgb_config()
    teacher_segmentor = tsn_r50_1x1x8_50e_hmdb51_imagenet(model_config, mode='mmaction_test', device='cuda')
    print(teacher_segmentor)
    train_loader, test_loader = mmaction_hmdb51_dataloader(model_config)
    model_manger = CommonSemanticSegmentationModelManager()
    model_manger.get_model_acc(teacher_segmentor, test_loader)
2021-12-01 21:59:53,452 - log.py[40] - DEBUG: entry file content: ---------------------------------
