2021-11-19 20:11:22,471 - log.py[38] - DEBUG: entry file content: ---------------------------------
2021-11-19 20:11:22,471 - log.py[39] - DEBUG: 
import torch
import tqdm
import sys
sys.path.insert(0, '../../')

from legodnn.utils.dl.common.model import get_model_flops_and_params, get_model_latency, get_model_size
from legodnn.abstract_model_manager import AbstractModelManager
from mmdet.apis import single_gpu_test
from mmcv.parallel import MMDataParallel
from cv_task.object_detection.mmdet_tools.test import test_detector
from cv_task.object_detection.mmdet_tools.get_input_by_size import get_input_by_size
from mmcv.parallel.scatter_gather import scatter
from cv_task.object_detection.mmdet_models.faster_rcnn import faster_rcnn_r50_fpn
from cv_task.datasets.object_detection.mmdet_coco2017 import mmdet_coco2017_dataloader
class CommonObjectDetectionModelManager(AbstractModelManager):
    def forward_to_gen_mid_data(self, model, batch_data, device):
        # model = model.to(device)
        # data = batch_data[0].to(device)
        # model.eval()
        input = scatter(batch_data, [0])[0]
        with torch.no_grad():
            model(return_loss=False, rescale=True, **input)

    def dummy_forward_to_gen_mid_data(self, model, model_input_size, device):
        # batch_data = (torch.rand(model_input_size).to(device), None)
        # self.forward_to_gen_mid_data(model, get_input_by_size(model, model_input_size), device)
        with torch.no_grad():
            model(return_loss=False, rescale=True, **get_input_by_size(model, model_input_size))

    def get_model_acc(self, model, test_loader, device='cuda'):
        acc = test_detector(model, test_loader)
        return float(acc)

    def get_model_size(self, model):
        return get_model_size(model)

    def get_model_flops_and_param(self, model, model_input_size):
        return get_model_flops_and_params(model, model_input_size)
    
    def get_model_latency(self, model, sample_num, model_input_size, device):
        return get_model_latency(model, model_input_size, sample_num, device, sample_num // 2)

if __name__=='__main__':
    teacher_detector = faster_rcnn_r50_fpn(mode='mmdet_test', device='cuda')
    train_loader, test_loader = mmdet_coco2017_dataloader()
    model_manger = CommonObjectDetectionModelManager()
    model_manger.get_model_acc(test_detector, test_detector)
2021-11-19 20:11:22,471 - log.py[40] - DEBUG: entry file content: ---------------------------------
